13:40:56 **** Rebuild of configuration Debug for project MeasurementDb ****
Info: Internal Builder is used for build
g++ -std=c++1y -O0 -g3 -Wall -c -fmessage-length=0 -Wall -Werror=return-type -o "myCode\\main.o" "..\\myCode\\main.cpp" 
g++ -std=c++1y -O0 -g3 -Wall -c -fmessage-length=0 -Wall -Werror=return-type -o "myCode\\MeasurementDb.o" "..\\myCode\\MeasurementDb.cpp" 
..\myCode\MeasurementDb.cpp: In member function 'void MeasurementDb::load(std::istream&)':
..\myCode\MeasurementDb.cpp:66:39: error: no matching function for call to 'Measurement::parseLine(std::string&, uint16_t&, std::string&)'
   66 |                 Measurement::parseLine(line, timestamp, remainder);
      |                 ~~~~~~~~~~~~~~~~~~~~~~^~~~~~~~~~~~~~~~~~~~~~~~~~~~
In file included from ..\myCode\Temperature.h:13,
                 from ..\myCode\MeasurementDb.cpp:10:
..\myCode\Measurement.h:22:14: note: candidate: 'void Measurement::parseLine(const std::string&, uint16_t&, std::string&, std::string&)'
   22 |         void parseLine(const std::string& line,uint16_t& timestamp , std::string& type,std::string& remainder);
      |              ^~~~~~~~~
..\myCode\Measurement.h:22:14: note:   candidate expects 4 arguments, 3 provided
13:42:40 **** Incremental Build of configuration Debug for project MeasurementDb ****
Info: Internal Builder is used for build
g++ -std=c++1y -O0 -g3 -Wall -c -fmessage-length=0 -Wall -Werror=return-type -o "myCode\\Measurement.o" "..\\myCode\\Measurement.cpp" 
g++ -std=c++1y -O0 -g3 -Wall -c -fmessage-length=0 -Wall -Werror=return-type -o "myCode\\MeasurementDb.o" "..\\myCode\\MeasurementDb.cpp" 
..\myCode\MeasurementDb.cpp: In member function 'void MeasurementDb::load(std::istream&)':
..\myCode\MeasurementDb.cpp:61:47: error: cannot call member function 'void Measurement::parseLine(const std::string&, uint16_t&, std::string&, std::string&)' without object
   61 |                         Measurement::parseLine(line, timestamp, type, rem);
      |                         ~~~~~~~~~~~~~~~~~~~~~~^~~~~~~~~~~~~~~~~~~~~~~~~~~~
..\myCode\MeasurementDb.cpp:53:15: warning: unused variable 'value' [-Wunused-variable]
   53 |         float value;
      |               ^~~~~
13:43:30 **** Incremental Build of configuration Debug for project MeasurementDb ****
Info: Internal Builder is used for build
g++ -std=c++1y -O0 -g3 -Wall -c -fmessage-length=0 -Wall -Werror=return-type -o "myCode\\Temperature.o" "..\\myCode\\Temperature.cpp" 
g++ -std=c++1y -O0 -g3 -Wall -c -fmessage-length=0 -Wall -Werror=return-type -o "myCode\\Humidity.o" "..\\myCode\\Humidity.cpp" 
g++ -std=c++1y -O0 -g3 -Wall -c -fmessage-length=0 -Wall -Werror=return-type -o "myCode\\MeasurementDb.o" "..\\myCode\\MeasurementDb.cpp" 
..\myCode\MeasurementDb.cpp: In member function 'void MeasurementDb::load(std::istream&)':
..\myCode\MeasurementDb.cpp:68:47: error: cannot call member function 'void Measurement::parseLine(const std::string&, uint16_t&, std::string&, std::string&)' without object
   68 |                         Measurement::parseLine(line, timestamp, type, remainder);
      |                         ~~~~~~~~~~~~~~~~~~~~~~^~~~~~~~~~~~~~~~~~~~~~~~~~~~~~~~~~
13:48:55 **** Incremental Build of configuration Debug for project MeasurementDb ****
Info: Internal Builder is used for build
g++ -std=c++1y -O0 -g3 -Wall -c -fmessage-length=0 -Wall -Werror=return-type -o "myCode\\main.o" "..\\myCode\\main.cpp" 
g++ -std=c++1y -O0 -g3 -Wall -c -fmessage-length=0 -Wall -Werror=return-type -o "myCode\\MeasurementDb.o" "..\\myCode\\MeasurementDb.cpp" 
..\myCode\MeasurementDb.cpp: In member function 'void MeasurementDb::load(std::istream&)':
..\myCode\MeasurementDb.cpp:61:47: error: cannot call member function 'void Measurement::parseLine(const std::string&, uint16_t&, std::string&, std::string&)' without object
   61 |                         Measurement::parseLine(line, timestamp, type, rem);
      |                         ~~~~~~~~~~~~~~~~~~~~~~^~~~~~~~~~~~~~~~~~~~~~~~~~~~
..\myCode\MeasurementDb.cpp:53:15: warning: unused variable 'value' [-Wunused-variable]
   53 |         float value;
      |               ^~~~~
13:49:42 **** Incremental Build of configuration Debug for project MeasurementDb ****
Info: Internal Builder is used for build
g++ -std=c++1y -O0 -g3 -Wall -c -fmessage-length=0 -Wall -Werror=return-type -o "myCode\\Temperature.o" "..\\myCode\\Temperature.cpp" 
g++ -std=c++1y -O0 -g3 -Wall -c -fmessage-length=0 -Wall -Werror=return-type -o "myCode\\main.o" "..\\myCode\\main.cpp" 
g++ -std=c++1y -O0 -g3 -Wall -c -fmessage-length=0 -Wall -Werror=return-type -o "myCode\\Humidity.o" "..\\myCode\\Humidity.cpp" 
g++ -std=c++1y -O0 -g3 -Wall -c -fmessage-length=0 -Wall -Werror=return-type -o "myCode\\MeasurementDb.o" "..\\myCode\\MeasurementDb.cpp" 
..\myCode\MeasurementDb.cpp: In member function 'void MeasurementDb::load(std::istream&)':
..\myCode\MeasurementDb.cpp:53:15: warning: unused variable 'value' [-Wunused-variable]
   53 |         float value;
      |               ^~~~~
g++ -std=c++1y -O0 -g3 -Wall -c -fmessage-length=0 -Wall -Werror=return-type -o "myCode\\Measurement.o" "..\\myCode\\Measurement.cpp" 
g++ -o MeasurementDb.exe "myCode\\Humidity.o" "myCode\\Measurement.o" "myCode\\MeasurementDb.o" "myCode\\Temperature.o" "myCode\\main.o" 
13:54:19 **** Incremental Build of configuration Debug for project MeasurementDb ****
Info: Internal Builder is used for build
g++ -std=c++1y -O0 -g3 -Wall -c -fmessage-length=0 -Wall -Werror=return-type -o "myCode\\MeasurementDb.o" "..\\myCode\\MeasurementDb.cpp" 
g++ -o MeasurementDb.exe "myCode\\Humidity.o" "myCode\\Measurement.o" "myCode\\MeasurementDb.o" "myCode\\Temperature.o" "myCode\\main.o" 
13:56:54 **** Incremental Build of configuration Debug for project MeasurementDb ****
Info: Internal Builder is used for build
g++ -std=c++1y -O0 -g3 -Wall -c -fmessage-length=0 -Wall -Werror=return-type -o "myCode\\main.o" "..\\myCode\\main.cpp" 
g++ -o MeasurementDb.exe "myCode\\Humidity.o" "myCode\\Measurement.o" "myCode\\MeasurementDb.o" "myCode\\Temperature.o" "myCode\\main.o" 
13:57:14 **** Incremental Build of configuration Debug for project MeasurementDb ****
Info: Internal Builder is used for build
g++ -std=c++1y -O0 -g3 -Wall -c -fmessage-length=0 -Wall -Werror=return-type -o "myCode\\main.o" "..\\myCode\\main.cpp" 
g++ -o MeasurementDb.exe "myCode\\Humidity.o" "myCode\\Measurement.o" "myCode\\MeasurementDb.o" "myCode\\Temperature.o" "myCode\\main.o" 
13:57:51 **** Incremental Build of configuration Debug for project MeasurementDb ****
Info: Internal Builder is used for build
g++ -std=c++1y -O0 -g3 -Wall -c -fmessage-length=0 -Wall -Werror=return-type -o "myCode\\main.o" "..\\myCode\\main.cpp" 
g++ -o MeasurementDb.exe "myCode\\Humidity.o" "myCode\\Measurement.o" "myCode\\MeasurementDb.o" "myCode\\Temperature.o" "myCode\\main.o" 
13:58:25 **** Incremental Build of configuration Debug for project MeasurementDb ****
Info: Internal Builder is used for build
g++ -std=c++1y -O0 -g3 -Wall -c -fmessage-length=0 -Wall -Werror=return-type -o "myCode\\main.o" "..\\myCode\\main.cpp" 
g++ -o MeasurementDb.exe "myCode\\Humidity.o" "myCode\\Measurement.o" "myCode\\MeasurementDb.o" "myCode\\Temperature.o" "myCode\\main.o" 
13:59:01 **** Incremental Build of configuration Debug for project MeasurementDb ****
Info: Internal Builder is used for build
g++ -std=c++1y -O0 -g3 -Wall -c -fmessage-length=0 -Wall -Werror=return-type -o "myCode\\main.o" "..\\myCode\\main.cpp" 
g++ -o MeasurementDb.exe "myCode\\Humidity.o" "myCode\\Measurement.o" "myCode\\MeasurementDb.o" "myCode\\Temperature.o" "myCode\\main.o" 
13:59:17 **** Incremental Build of configuration Debug for project MeasurementDb ****
Info: Internal Builder is used for build
g++ -std=c++1y -O0 -g3 -Wall -c -fmessage-length=0 -Wall -Werror=return-type -o "myCode\\main.o" "..\\myCode\\main.cpp" 
g++ -o MeasurementDb.exe "myCode\\Humidity.o" "myCode\\Measurement.o" "myCode\\MeasurementDb.o" "myCode\\Temperature.o" "myCode\\main.o" 
14:00:19 **** Incremental Build of configuration Debug for project MeasurementDb ****
Info: Internal Builder is used for build
g++ -std=c++1y -O0 -g3 -Wall -c -fmessage-length=0 -Wall -Werror=return-type -o "myCode\\MeasurementDb.o" "..\\myCode\\MeasurementDb.cpp" 
g++ -std=c++1y -O0 -g3 -Wall -c -fmessage-length=0 -Wall -Werror=return-type -o "myCode\\main.o" "..\\myCode\\main.cpp" 
g++ -o MeasurementDb.exe "myCode\\Humidity.o" "myCode\\Measurement.o" "myCode\\MeasurementDb.o" "myCode\\Temperature.o" "myCode\\main.o" 
14:02:08 **** Incremental Build of configuration Debug for project MeasurementDb ****
Info: Internal Builder is used for build
g++ -std=c++1y -O0 -g3 -Wall -c -fmessage-length=0 -Wall -Werror=return-type -o "myCode\\Measurement.o" "..\\myCode\\Measurement.cpp" 
g++ -std=c++1y -O0 -g3 -Wall -c -fmessage-length=0 -Wall -Werror=return-type -o "myCode\\main.o" "..\\myCode\\main.cpp" 
g++ -o MeasurementDb.exe "myCode\\Humidity.o" "myCode\\Measurement.o" "myCode\\MeasurementDb.o" "myCode\\Temperature.o" "myCode\\main.o" 
14:03:22 **** Incremental Build of configuration Debug for project MeasurementDb ****
Info: Internal Builder is used for build
g++ -std=c++1y -O0 -g3 -Wall -c -fmessage-length=0 -Wall -Werror=return-type -o "myCode\\main.o" "..\\myCode\\main.cpp" 
g++ -o MeasurementDb.exe "myCode\\Humidity.o" "myCode\\Measurement.o" "myCode\\MeasurementDb.o" "myCode\\Temperature.o" "myCode\\main.o" 
14:04:24 **** Incremental Build of configuration Debug for project MeasurementDb ****
Info: Internal Builder is used for build
g++ -std=c++1y -O0 -g3 -Wall -c -fmessage-length=0 -Wall -Werror=return-type -o "myCode\\Humidity.o" "..\\myCode\\Humidity.cpp" 
g++ -o MeasurementDb.exe "myCode\\Humidity.o" "myCode\\Measurement.o" "myCode\\MeasurementDb.o" "myCode\\Temperature.o" "myCode\\main.o" 
14:04:38 **** Incremental Build of configuration Debug for project MeasurementDb ****
Info: Internal Builder is used for build
g++ -std=c++1y -O0 -g3 -Wall -c -fmessage-length=0 -Wall -Werror=return-type -o "myCode\\main.o" "..\\myCode\\main.cpp" 
g++ -o MeasurementDb.exe "myCode\\Humidity.o" "myCode\\Measurement.o" "myCode\\MeasurementDb.o" "myCode\\Temperature.o" "myCode\\main.o" 
14:05:19 **** Incremental Build of configuration Debug for project MeasurementDb ****
Info: Internal Builder is used for build
g++ -std=c++1y -O0 -g3 -Wall -c -fmessage-length=0 -Wall -Werror=return-type -o "myCode\\MeasurementDb.o" "..\\myCode\\MeasurementDb.cpp" 
g++ -std=c++1y -O0 -g3 -Wall -c -fmessage-length=0 -Wall -Werror=return-type -o "myCode\\main.o" "..\\myCode\\main.cpp" 
g++ -o MeasurementDb.exe "myCode\\Humidity.o" "myCode\\Measurement.o" "myCode\\MeasurementDb.o" "myCode\\Temperature.o" "myCode\\main.o" 
14:06:13 **** Incremental Build of configuration Debug for project MeasurementDb ****
Info: Internal Builder is used for build
g++ -std=c++1y -O0 -g3 -Wall -c -fmessage-length=0 -Wall -Werror=return-type -o "myCode\\MeasurementDb.o" "..\\myCode\\MeasurementDb.cpp" 
g++ -o MeasurementDb.exe "myCode\\Humidity.o" "myCode\\Measurement.o" "myCode\\MeasurementDb.o" "myCode\\Temperature.o" "myCode\\main.o" 
14:07:43 **** Incremental Build of configuration Debug for project MeasurementDb ****
Info: Internal Builder is used for build
g++ -std=c++1y -O0 -g3 -Wall -c -fmessage-length=0 -Wall -Werror=return-type -o "myCode\\MeasurementDb.o" "..\\myCode\\MeasurementDb.cpp" 
g++ -o MeasurementDb.exe "myCode\\Humidity.o" "myCode\\Measurement.o" "myCode\\MeasurementDb.o" "myCode\\Temperature.o" "myCode\\main.o" 
